[0426/115007.877:ERROR:process_memory_win.cc(73)] ReadMemory at 0x7ff7d0e30000 of 64 bytes failed: Only part of a ReadProcessMemory or WriteProcessMemory request was completed. (0x12B)
[0426/115007.973:WARNING:pe_image_reader.cc(340)] could not read dos header from C:\Program Files (x86)\Google\Chrome\Application\chrome.exe
[0426/115007.973:ERROR:process_memory_win.cc(73)] ReadMemory at 0x7ff8afd50000 of 64 bytes failed: Only part of a ReadProcessMemory or WriteProcessMemory request was completed. (0x12B)
[0426/115007.973:WARNING:pe_image_reader.cc(340)] could not read dos header from C:\WINDOWS\SYSTEM32\ntdll.dll
[0426/115007.973:ERROR:process_memory_win.cc(73)] ReadMemory at 0x7ff8ad670000 of 64 bytes failed: Only part of a ReadProcessMemory or WriteProcessMemory request was completed. (0x12B)
[0426/115007.973:WARNING:pe_image_reader.cc(340)] could not read dos header from C:\WINDOWS\system32\KERNEL32.dll
[0426/115007.973:ERROR:process_memory_win.cc(73)] ReadMemory at 0x7ff8ad210000 of 64 bytes failed: Only part of a ReadProcessMemory or WriteProcessMemory request was completed. (0x12B)
[0426/115007.973:WARNING:pe_image_reader.cc(340)] could not read dos header from C:\WINDOWS\system32\KERNELBASE.dll
[0426/115007.973:ERROR:process_memory_win.cc(73)] ReadMemory at 0x7ff8993f0000 of 64 bytes failed: Only part of a ReadProcessMemory or WriteProcessMemory request was completed. (0x12B)
[0426/115007.973:WARNING:pe_image_reader.cc(340)] could not read dos header from C:\Program Files (x86)\Google\Chrome\Application\73.0.3683.103\chrome_elf.dll
[0426/115007.973:ERROR:process_memory_win.cc(73)] ReadMemory at 0x7ff8ae710000 of 64 bytes failed: Only part of a ReadProcessMemory or WriteProcessMemory request was completed. (0x12B)
[0426/115007.973:WARNING:pe_image_reader.cc(340)] could not read dos header from C:\WINDOWS\system32\SHELL32.dll
[0426/115007.973:ERROR:process_memory_win.cc(73)] ReadMemory at 0x7ff8ad4f0000 of 64 bytes failed: Only part of a ReadProcessMemory or WriteProcessMemory request was completed. (0x12B)
[0426/115007.973:WARNING:pe_image_reader.cc(340)] could not read dos header from C:\WINDOWS\system32\ADVAPI32.dll
[0426/115007.973:ERROR:process_memory_win.cc(73)] ReadMemory at 0x7ff8ada10000 of 64 bytes failed: Only part of a ReadProcessMemory or WriteProcessMemory request was completed. (0x12B)
[0426/115007.973:WARNING:pe_image_reader.cc(340)] could not read dos header from C:\WINDOWS\system32\USER32.dll
[0426/115007.973:ERROR:process_memory_win.cc(73)] ReadMemory at 0x7ff8ace30000 of 64 bytes failed: Only part of a ReadProcessMemory or WriteProcessMemory request was completed. (0x12B)
[0426/115007.973:WARNING:pe_image_reader.cc(340)] could not read dos header from C:\WINDOWS\SYSTEM32\VERSION.dll
[0426/115007.973:ERROR:process_memory_win.cc(73)] ReadMemory at 0x7ff8ae6a0000 of 64 bytes failed: Only part of a ReadProcessMemory or WriteProcessMemory request was completed. (0x12B)
[0426/115007.973:WARNING:pe_image_reader.cc(340)] could not read dos header from C:\WINDOWS\system32\SHLWAPI.dll
[0426/115007.973:ERROR:process_memory_win.cc(73)] ReadMemory at 0x7ff89c9d0000 of 64 bytes failed: Only part of a ReadProcessMemory or WriteProcessMemory request was completed. (0x12B)
[0426/115007.973:WARNING:pe_image_reader.cc(340)] could not read dos header from C:\WINDOWS\SYSTEM32\WINMM.dll
[0426/115007.973:ERROR:process_memory_win.cc(73)] ReadMemory at 0x7ff8ac400000 of 64 bytes failed: Only part of a ReadProcessMemory or WriteProcessMemory request was completed. (0x12B)
[0426/115007.973:WARNING:pe_image_reader.cc(340)] could not read dos header from C:\WINDOWS\SYSTEM32\USERENV.dll
[0426/115007.973:ERROR:process_memory_win.cc(73)] ReadMemory at 0x7ff8afca0000 of 64 bytes failed: Only part of a ReadProcessMemory or WriteProcessMemory request was completed. (0x12B)
[0426/115007.973:WARNING:pe_image_reader.cc(340)] could not read dos header from C:\WINDOWS\system32\msvcrt.dll
[0426/115007.973:ERROR:process_memory_win.cc(73)] ReadMemory at 0x7ff8ae450000 of 64 bytes failed: Only part of a ReadProcessMemory or WriteProcessMemory request was completed. (0x12B)
[0426/115007.973:WARNING:pe_image_reader.cc(340)] could not read dos header from C:\WINDOWS\SYSTEM32\combase.dll
[0426/115007.973:ERROR:process_memory_win.cc(73)] ReadMemory at 0x7ff8ae300000 of 64 bytes failed: Only part of a ReadProcessMemory or WriteProcessMemory request was completed. (0x12B)
[0426/115007.973:WARNING:pe_image_reader.cc(340)] could not read dos header from C:\WINDOWS\system32\GDI32.dll
[0426/115007.973:ERROR:process_memory_win.cc(73)] ReadMemory at 0x7ff8ad870000 of 64 bytes failed: Only part of a ReadProcessMemory or WriteProcessMemory request was completed. (0x12B)
[0426/115007.973:WARNING:pe_image_reader.cc(340)] could not read dos header from C:\WINDOWS\SYSTEM32\sechost.dll
[0426/115007.973:ERROR:process_memory_win.cc(73)] ReadMemory at 0x7ff8ad8d0000 of 64 bytes failed: Only part of a ReadProcessMemory or WriteProcessMemory request was completed. (0x12B)
[0426/115007.973:WARNING:pe_image_reader.cc(340)] could not read dos header from C:\WINDOWS\system32\RPCRT4.dll
[0426/115007.973:ERROR:process_memory_win.cc(73)] ReadMemory at 0x7ff89c9a0000 of 64 bytes failed: Only part of a ReadProcessMemory or WriteProcessMemory request was completed. (0x12B)
[0426/115007.977:WARNING:pe_image_reader.cc(340)] could not read dos header from C:\WINDOWS\SYSTEM32\WINMMBASE.dll
[0426/115007.977:ERROR:process_memory_win.cc(73)] ReadMemory at 0x7ff8ace80000 of 64 bytes failed: Only part of a ReadProcessMemory or WriteProcessMemory request was completed. (0x12B)
[0426/115007.977:WARNING:pe_image_reader.cc(340)] could not read dos header from C:\WINDOWS\SYSTEM32\profapi.dll
[0426/115007.977:ERROR:process_memory_win.cc(73)] ReadMemory at 0x7ff8ad1e0000 of 64 bytes failed: Only part of a ReadProcessMemory or WriteProcessMemory request was completed. (0x12B)
[0426/115007.977:WARNING:pe_image_reader.cc(340)] could not read dos header from C:\WINDOWS\system32\SspiCli.dll
[0426/115007.977:ERROR:process_memory_win.cc(73)] ReadMemory at 0x7ff8ad390000 of 64 bytes failed: Only part of a ReadProcessMemory or WriteProcessMemory request was completed. (0x12B)
[0426/115007.977:WARNING:pe_image_reader.cc(340)] could not read dos header from C:\WINDOWS\SYSTEM32\cfgmgr32.dll
[0426/115007.977:ERROR:process_memory_win.cc(73)] ReadMemory at 0x7ff8abc50000 of 64 bytes failed: Only part of a ReadProcessMemory or WriteProcessMemory request was completed. (0x12B)
[0426/115007.977:WARNING:pe_image_reader.cc(340)] could not read dos header from C:\WINDOWS\SYSTEM32\DEVOBJ.dll
[0426/115007.977:ERROR:process_memory_win.cc(73)] ReadMemory at 0x7ff8accb0000 of 64 bytes failed: Only part of a ReadProcessMemory or WriteProcessMemory request was completed. (0x12B)
[0426/115007.977:WARNING:pe_image_reader.cc(340)] could not read dos header from C:\WINDOWS\SYSTEM32\CRYPTBASE.DLL
[0426/115007.977:ERROR:process_memory_win.cc(73)] ReadMemory at 0x7ff8acc40000 of 64 bytes failed: Only part of a ReadProcessMemory or WriteProcessMemory request was completed. (0x12B)
[0426/115007.977:WARNING:pe_image_reader.cc(340)] could not read dos header from C:\WINDOWS\SYSTEM32\bcryptPrimitives.dll
[0426/115007.977:ERROR:process_memory_win.cc(73)] ReadMemory at 0xf474f70000 of 64 bytes failed: Only part of a ReadProcessMemory or WriteProcessMemory request was completed. (0x12B)
[0426/115007.977:WARNING:pe_image_reader.cc(340)] could not read dos header from C:\WINDOWS\system32\IMM32.DLL
[0426/115007.977:ERROR:process_memory_win.cc(73)] ReadMemory at 0x7ff8adf60000 of 64 bytes failed: Only part of a ReadProcessMemory or WriteProcessMemory request was completed. (0x12B)
[0426/115007.977:WARNING:pe_image_reader.cc(340)] could not read dos header from C:\WINDOWS\system32\MSCTF.dll
[0426/115007.977:ERROR:process_memory_win.cc(73)] ReadMemory at 0x7ff8ab670000 of 64 bytes failed: Only part of a ReadProcessMemory or WriteProcessMemory request was completed. (0x12B)
[0426/115007.977:WARNING:pe_image_reader.cc(340)] could not read dos header from C:\WINDOWS\SYSTEM32\shcore.dll
[0426/115007.977:ERROR:process_memory_win.cc(73)] ReadMemory at 0x7ff860b80000 of 64 bytes failed: Only part of a ReadProcessMemory or WriteProcessMemory request was completed. (0x12B)
[0426/115007.977:WARNING:pe_image_reader.cc(340)] could not read dos header from C:\Program Files (x86)\Google\Chrome\Application\73.0.3683.103\chrome_child.dll
[0426/115007.977:ERROR:process_memory_win.cc(73)] ReadMemory at 0x7ff8afc40000 of 64 bytes failed: Only part of a ReadProcessMemory or WriteProcessMemory request was completed. (0x12B)
[0426/115007.977:WARNING:pe_image_reader.cc(340)] could not read dos header from C:\WINDOWS\system32\WS2_32.dll
[0426/115007.977:ERROR:process_memory_win.cc(73)] ReadMemory at 0x7ff8a6c70000 of 64 bytes failed: Only part of a ReadProcessMemory or WriteProcessMemory request was completed. (0x12B)
[0426/115007.977:WARNING:pe_image_reader.cc(340)] could not read dos header from C:\WINDOWS\SYSTEM32\IPHLPAPI.DLL
[0426/115007.977:ERROR:process_memory_win.cc(73)] ReadMemory at 0xf475040000 of 64 bytes failed: Only part of a ReadProcessMemory or WriteProcessMemory request was completed. (0x12B)
[0426/115007.977:WARNING:pe_image_reader.cc(340)] could not read dos header from C:\WINDOWS\system32\ole32.dll
[0426/115007.977:ERROR:process_memory_win.cc(73)] ReadMemory at 0x7ff8ad3f0000 of 64 bytes failed: Only part of a ReadProcessMemory or WriteProcessMemory request was completed. (0x12B)
[0426/115007.977:WARNING:pe_image_reader.cc(340)] could not read dos header from C:\WINDOWS\system32\OLEAUT32.dll
[0426/115007.977:ERROR:process_memory_win.cc(73)] ReadMemory at 0x7ff8aa920000 of 64 bytes failed: Only part of a ReadProcessMemory or WriteProcessMemory request was completed. (0x12B)
[0426/115007.977:WARNING:pe_image_reader.cc(340)] could not read dos header from C:\WINDOWS\SYSTEM32\OLEACC.dll
[0426/115007.977:ERROR:process_memory_win.cc(73)] ReadMemory at 0x7ff8ad330000 of 64 bytes failed: Only part of a ReadProcessMemory or WriteProcessMemory request was completed. (0x12B)
[0426/115007.977:WARNING:pe_image_reader.cc(340)] could not read dos header from C:\WINDOWS\system32\WINTRUST.dll
[0426/115007.977:ERROR:process_memory_win.cc(73)] ReadMemory at 0x7ff8ad000000 of 64 bytes failed: Only part of a ReadProcessMemory or WriteProcessMemory request was completed. (0x12B)
[0426/115007.977:WARNING:pe_image_reader.cc(340)] could not read dos header from C:\WINDOWS\system32\CRYPT32.dll
[0426/115007.977:ERROR:process_memory_win.cc(73)] ReadMemory at 0x7ff8aa9b0000 of 64 bytes failed: Only part of a ReadProcessMemory or WriteProcessMemory request was completed. (0x12B)
[0426/115007.977:WARNING:pe_image_reader.cc(340)] could not read dos header from C:\WINDOWS\SYSTEM32\DWrite.dll
[0426/115007.977:ERROR:process_memory_win.cc(73)] ReadMemory at 0x7ff8aa580000 of 64 bytes failed: Only part of a ReadProcessMemory or WriteProcessMemory request was completed. (0x12B)
[0426/115007.977:WARNING:pe_image_reader.cc(340)] could not read dos header from C:\WINDOWS\SYSTEM32\dxgi.dll
[0426/115007.977:ERROR:process_memory_win.cc(73)] ReadMemory at 0x7ff89a560000 of 64 bytes failed: Only part of a ReadProcessMemory or WriteProcessMemory request was completed. (0x12B)
[0426/115007.977:WARNING:pe_image_reader.cc(340)] could not read dos header from C:\WINDOWS\SYSTEM32\WINSPOOL.DRV
[0426/115007.977:ERROR:process_memory_win.cc(73)] ReadMemory at 0x7ff8a7670000 of 64 bytes failed: Only part of a ReadProcessMemory or WriteProcessMemory request was completed. (0x12B)
[0426/115007.977:WARNING:pe_image_reader.cc(340)] could not read dos header from C:\WINDOWS\SYSTEM32\dbghelp.dll
[0426/115007.977:ERROR:process_memory_win.cc(73)] ReadMemory at 0x7ff8960d0000 of 64 bytes failed: Only part of a ReadProcessMemory or WriteProcessMemory request was completed. (0x12B)
[0426/115007.977:WARNING:pe_image_reader.cc(340)] could not read dos header from C:\WINDOWS\SYSTEM32\USP10.dll
[0426/115007.977:ERROR:process_memory_win.cc(73)] ReadMemory at 0xf4751e0000 of 64 bytes failed: Only part of a ReadProcessMemory or WriteProcessMemory request was completed. (0x12B)
[0426/115007.977:WARNING:pe_image_reader.cc(340)] could not read dos header from C:\WINDOWS\system32\COMDLG32.dll
[0426/115007.977:ERROR:process_memory_win.cc(73)] ReadMemory at 0x7ff8a4e20000 of 64 bytes failed: Only part of a ReadProcessMemory or WriteProcessMemory request was completed. (0x12B)
[0426/115007.977:WARNING:pe_image_reader.cc(340)] could not read dos header from C:\WINDOWS\SYSTEM32\WINHTTP.dll
[0426/115007.977:ERROR:process_memory_win.cc(73)] ReadMemory at 0x7ff8a4ef0000 of 64 bytes failed: Only part of a ReadProcessMemory or WriteProcessMemory request was completed. (0x12B)
[0426/115007.981:WARNING:pe_image_reader.cc(340)] could not read dos header from C:\WINDOWS\SYSTEM32\urlmon.dll
[0426/115007.981:ERROR:process_memory_win.cc(73)] ReadMemory at 0x7ff8a1680000 of 64 bytes failed: Only part of a ReadProcessMemory or WriteProcessMemory request was completed. (0x12B)
[0426/115007.981:WARNING:pe_image_reader.cc(340)] could not read dos header from C:\WINDOWS\SYSTEM32\Secur32.dll
[0426/115007.981:ERROR:process_memory_win.cc(73)] ReadMemory at 0x7ff8a6730000 of 64 bytes failed: Only part of a ReadProcessMemory or WriteProcessMemory request was completed. (0x12B)
[0426/115007.981:WARNING:pe_image_reader.cc(340)] could not read dos header from C:\WINDOWS\SYSTEM32\dhcpcsvc.DLL
[0426/115007.981:ERROR:process_memory_win.cc(73)] ReadMemory at 0x7ff8ad4c0000 of 64 bytes failed: Only part of a ReadProcessMemory or WriteProcessMemory request was completed. (0x12B)
[0426/115007.981:WARNING:pe_image_reader.cc(340)] could not read dos header from C:\WINDOWS\system32\NSI.dll
[0426/115007.981:ERROR:process_memory_win.cc(73)] ReadMemory at 0x7ff8a6c60000 of 64 bytes failed: Only part of a ReadProcessMemory or WriteProcessMemory request was completed. (0x12B)
[0426/115007.981:WARNING:pe_image_reader.cc(340)] could not read dos header from C:\WINDOWS\SYSTEM32\WINNSI.DLL
[0426/115007.981:ERROR:process_memory_win.cc(73)] ReadMemory at 0x7ff8acf30000 of 64 bytes failed: Only part of a ReadProcessMemory or WriteProcessMemory request was completed. (0x12B)
[0426/115007.981:WARNING:pe_image_reader.cc(340)] could not read dos header from C:\WINDOWS\system32\MSASN1.dll
[0426/115007.981:ERROR:process_memory_win.cc(73)] ReadMemory at 0x7ff8aaf30000 of 64 bytes failed: Only part of a ReadProcessMemory or WriteProcessMemory request was completed. (0x12B)
[0426/115007.981:WARNING:pe_image_reader.cc(340)] could not read dos header from C:\WINDOWS\WinSxS\amd64_microsoft.windows.common-controls_6595b64144ccf1df_6.0.9600.19291_none_6248a9f3ecb5e89b\COMCTL32.dll
[0426/115007.981:ERROR:process_memory_win.cc(73)] ReadMemory at 0x7ff8a4b40000 of 64 bytes failed: Only part of a ReadProcessMemory or WriteProcessMemory request was completed. (0x12B)
[0426/115007.981:WARNING:pe_image_reader.cc(340)] could not read dos header from C:\WINDOWS\SYSTEM32\iertutil.dll
[0426/115007.981:ERROR:process_memory_win.cc(73)] ReadMemory at 0x7ff8a50a0000 of 64 bytes failed: Only part of a ReadProcessMemory or WriteProcessMemory request was completed. (0x12B)
[0426/115007.981:WARNING:pe_image_reader.cc(340)] could not read dos header from C:\WINDOWS\SYSTEM32\WININET.dll
[0426/115008.073:ERROR:process_memory_win.cc(73)] ReadMemory at 0xf474a3c000 of 81920 bytes failed: Only part of a ReadProcessMemory or WriteProcessMemory request was completed. (0x12B)
[0426/115008.073:ERROR:process_memory_win.cc(73)] ReadMemory at 0xf4771ee000 of 8192 bytes failed: Only part of a ReadProcessMemory or WriteProcessMemory request was completed. (0x12B)
[0426/115008.073:ERROR:process_memory_win.cc(73)] ReadMemory at 0xf4777ee000 of 8192 bytes failed: Only part of a ReadProcessMemory or WriteProcessMemory request was completed. (0x12B)
[0426/115008.073:ERROR:process_memory_win.cc(73)] ReadMemory at 0xf4779ee000 of 8192 bytes failed: Only part of a ReadProcessMemory or WriteProcessMemory request was completed. (0x12B)
[0426/115008.073:ERROR:process_memory_win.cc(73)] ReadMemory at 0xf477bec000 of 16384 bytes failed: Only part of a ReadProcessMemory or WriteProcessMemory request was completed. (0x12B)
[0426/115008.073:ERROR:process_memory_win.cc(73)] ReadMemory at 0xf477def000 of 4096 bytes failed: Only part of a ReadProcessMemory or WriteProcessMemory request was completed. (0x12B)
[0426/115008.073:ERROR:process_memory_win.cc(73)] ReadMemory at 0xf477fee000 of 8192 bytes failed: Only part of a ReadProcessMemory or WriteProcessMemory request was completed. (0x12B)
[0426/115008.077:ERROR:process_memory_win.cc(73)] ReadMemory at 0xf4783ec000 of 16384 bytes failed: Only part of a ReadProcessMemory or WriteProcessMemory request was completed. (0x12B)
[0426/115008.077:ERROR:process_memory_win.cc(73)] ReadMemory at 0xf4785d8000 of 98304 bytes failed: Only part of a ReadProcessMemory or WriteProcessMemory request was completed. (0x12B)
[0426/115008.077:ERROR:process_memory_win.cc(73)] ReadMemory at 0xf4787d8000 of 98304 bytes failed: Only part of a ReadProcessMemory or WriteProcessMemory request was completed. (0x12B)
[0426/115008.077:ERROR:process_memory_win.cc(73)] ReadMemory at 0xf4789d8000 of 98304 bytes failed: Only part of a ReadProcessMemory or WriteProcessMemory request was completed. (0x12B)
[0426/115008.077:ERROR:process_memory_win.cc(73)] ReadMemory at 0xf478bd8000 of 98304 bytes failed: Only part of a ReadProcessMemory or WriteProcessMemory request was completed. (0x12B)
[0426/115008.077:ERROR:process_memory_win.cc(73)] ReadMemory at 0xf478dec000 of 16384 bytes failed: Only part of a ReadProcessMemory or WriteProcessMemory request was completed. (0x12B)
[0426/115008.077:ERROR:process_memory_win.cc(73)] ReadMemory at 0xf47c57e000 of 8192 bytes failed: Only part of a ReadProcessMemory or WriteProcessMemory request was completed. (0x12B)
[0426/115008.077:ERROR:process_memory_win.cc(73)] ReadMemory at 0xf4087a4000 of 49152 bytes failed: Only part of a ReadProcessMemory or WriteProcessMemory request was completed. (0x12B)
[0426/115008.077:ERROR:process_memory_win.cc(73)] ReadMemory at 0xf402d7a000 of 24576 bytes failed: Only part of a ReadProcessMemory or WriteProcessMemory request was completed. (0x12B)
[0426/115008.077:ERROR:process_memory_win.cc(73)] ReadMemory at 0xf4089ad000 of 12288 bytes failed: Only part of a ReadProcessMemory or WriteProcessMemory request was completed. (0x12B)
[0426/115008.077:ERROR:process_memory_win.cc(73)] ReadMemory at 0xf405fed000 of 12288 bytes failed: Only part of a ReadProcessMemory or WriteProcessMemory request was completed. (0x12B)
[0426/115008.077:ERROR:process_memory_win.cc(73)] ReadMemory at 0xf4007be000 of 8192 bytes failed: Only part of a ReadProcessMemory or WriteProcessMemory request was completed. (0x12B)
[0426/115008.077:ERROR:process_memory_win.cc(73)] ReadMemory at 0xf4065ba718 of 512 bytes failed: Only part of a ReadProcessMemory or WriteProcessMemory request was completed. (0x12B)
[0426/115008.077:ERROR:process_memory_win.cc(73)] ReadMemory at 0xf408cc7c10 of 512 bytes failed: Only part of a ReadProcessMemory or WriteProcessMemory request was completed. (0x12B)
[0426/115008.077:ERROR:process_memory_win.cc(73)] ReadMemory at 0xf40c4b5180 of 512 bytes failed: Only part of a ReadProcessMemory or WriteProcessMemory request was completed. (0x12B)
[0426/115008.077:ERROR:process_memory_win.cc(73)] ReadMemory at 0xf41356cfc0 of 512 bytes failed: Only part of a ReadProcessMemory or WriteProcessMemory request was completed. (0x12B)
[0426/115008.077:ERROR:process_memory_win.cc(73)] ReadMemory at 0xf4136a27d0 of 512 bytes failed: Only part of a ReadProcessMemory or WriteProcessMemory request was completed. (0x12B)
[0426/115008.077:ERROR:process_memory_win.cc(73)] ReadMemory at 0xf4142d9510 of 512 bytes failed: Only part of a ReadProcessMemory or WriteProcessMemory request was completed. (0x12B)
[0426/115008.081:ERROR:process_memory_win.cc(73)] ReadMemory at 0xf4142e76a0 of 512 bytes failed: Only part of a ReadProcessMemory or WriteProcessMemory request was completed. (0x12B)
[0426/115008.081:ERROR:process_memory_win.cc(73)] ReadMemory at 0xf41565a4a8 of 512 bytes failed: Only part of a ReadProcessMemory or WriteProcessMemory request was completed. (0x12B)
[0426/115008.081:ERROR:process_memory_win.cc(73)] ReadMemory at 0xf41571cad0 of 512 bytes failed: Only part of a ReadProcessMemory or WriteProcessMemory request was completed. (0x12B)
[0426/115008.081:ERROR:process_memory_win.cc(73)] ReadMemory at 0xf474c00860 of 4566 bytes failed: Only part of a ReadProcessMemory or WriteProcessMemory request was completed. (0x12B)
[0426/115008.081:ERROR:process_memory_win.cc(73)] ReadMemory at 0xf474c01a40 of 1012 bytes failed: Only part of a ReadProcessMemory or WriteProcessMemory request was completed. (0x12B)
[0426/115008.081:ERROR:process_memory_win.cc(73)] ReadMemory at 0xf474c02058 of 118 bytes failed: Only part of a ReadProcessMemory or WriteProcessMemory request was completed. (0x12B)
[0426/115008.081:ERROR:process_memory_win.cc(73)] ReadMemory at 0xf474c020d0 of 1042 bytes failed: Only part of a ReadProcessMemory or WriteProcessMemory request was completed. (0x12B)
[0426/115008.081:ERROR:process_memory_win.cc(73)] ReadMemory at 0xf474c024e4 of 118 bytes failed: Only part of a ReadProcessMemory or WriteProcessMemory request was completed. (0x12B)
[0426/115008.081:ERROR:process_memory_win.cc(73)] ReadMemory at 0xf474c0255c of 96 bytes failed: Only part of a ReadProcessMemory or WriteProcessMemory request was completed. (0x12B)
[0426/115008.081:ERROR:process_memory_win.cc(73)] ReadMemory at 0xf474c025d0 of 58 bytes failed: Only part of a ReadProcessMemory or WriteProcessMemory request was completed. (0x12B)
[0426/115008.081:ERROR:process_memory_win.cc(73)] ReadMemory at 0xf474c026d0 of 132 bytes failed: Only part of a ReadProcessMemory or WriteProcessMemory request was completed. (0x12B)
[0426/115008.081:ERROR:process_memory_win.cc(73)] ReadMemory at 0xf474c02850 of 132 bytes failed: Only part of a ReadProcessMemory or WriteProcessMemory request was completed. (0x12B)
[0426/115008.081:ERROR:process_memory_win.cc(73)] ReadMemory at 0xf474c02a60 of 126 bytes failed: Only part of a ReadProcessMemory or WriteProcessMemory request was completed. (0x12B)
[0426/115008.081:ERROR:process_memory_win.cc(73)] ReadMemory at 0xf474c031b0 of 64 bytes failed: Only part of a ReadProcessMemory or WriteProcessMemory request was completed. (0x12B)
[0426/115008.081:ERROR:process_memory_win.cc(73)] ReadMemory at 0xf474c03360 of 132 bytes failed: Only part of a ReadProcessMemory or WriteProcessMemory request was completed. (0x12B)
[0426/115008.081:ERROR:process_memory_win.cc(73)] ReadMemory at 0xf474c03700 of 68 bytes failed: Only part of a ReadProcessMemory or WriteProcessMemory request was completed. (0x12B)
[0426/115008.081:ERROR:process_memory_win.cc(73)] ReadMemory at 0xf474c03750 of 132 bytes failed: Only part of a ReadProcessMemory or WriteProcessMemory request was completed. (0x12B)
[0426/115008.081:ERROR:process_memory_win.cc(73)] ReadMemory at 0xf474c082d0 of 154 bytes failed: Only part of a ReadProcessMemory or WriteProcessMemory request was completed. (0x12B)
[0426/115008.081:ERROR:process_memory_win.cc(73)] ReadMemory at 0xf474c08380 of 132 bytes failed: Only part of a ReadProcessMemory or WriteProcessMemory request was completed. (0x12B)
[0426/115008.081:ERROR:process_memory_win.cc(73)] ReadMemory at 0xf474c084a0 of 62 bytes failed: Only part of a ReadProcessMemory or WriteProcessMemory request was completed. (0x12B)
[0426/115008.081:ERROR:process_memory_win.cc(73)] ReadMemory at 0xf474c084f0 of 132 bytes failed: Only part of a ReadProcessMemory or WriteProcessMemory request was completed. (0x12B)
[0426/115008.081:ERROR:process_memory_win.cc(73)] ReadMemory at 0xf474c08700 of 64 bytes failed: Only part of a ReadProcessMemory or WriteProcessMemory request was completed. (0x12B)
[0426/115008.081:ERROR:process_memory_win.cc(73)] ReadMemory at 0xf474c08750 of 132 bytes failed: Only part of a ReadProcessMemory or WriteProcessMemory request was completed. (0x12B)
[0426/115008.081:ERROR:process_memory_win.cc(73)] ReadMemory at 0xf474c0b200 of 60 bytes failed: Only part of a ReadProcessMemory or WriteProcessMemory request was completed. (0x12B)
[0426/115008.081:ERROR:process_memory_win.cc(73)] ReadMemory at 0xf474c0b250 of 132 bytes failed: Only part of a ReadProcessMemory or WriteProcessMemory request was completed. (0x12B)
[0426/115008.081:ERROR:process_memory_win.cc(73)] ReadMemory at 0xf474c0bb80 of 62 bytes failed: Only part of a ReadProcessMemory or WriteProcessMemory request was completed. (0x12B)
[0426/115008.085:ERROR:process_memory_win.cc(73)] ReadMemory at 0xf474c0bbd0 of 58 bytes failed: Only part of a ReadProcessMemory or WriteProcessMemory request was completed. (0x12B)
[0426/115008.085:ERROR:process_memory_win.cc(73)] ReadMemory at 0xf474c0bc20 of 62 bytes failed: Only part of a ReadProcessMemory or WriteProcessMemory request was completed. (0x12B)
[0426/115008.085:ERROR:process_memory_win.cc(73)] ReadMemory at 0xf474c0bc70 of 132 bytes failed: Only part of a ReadProcessMemory or WriteProcessMemory request was completed. (0x12B)
[0426/115008.085:ERROR:process_memory_win.cc(73)] ReadMemory at 0xf474c0bd90 of 132 bytes failed: Only part of a ReadProcessMemory or WriteProcessMemory request was completed. (0x12B)
[0426/115008.085:ERROR:process_memory_win.cc(73)] ReadMemory at 0xf474c0beb0 of 132 bytes failed: Only part of a ReadProcessMemory or WriteProcessMemory request was completed. (0x12B)
[0426/115008.085:ERROR:process_memory_win.cc(73)] ReadMemory at 0xf474c0bfd0 of 132 bytes failed: Only part of a ReadProcessMemory or WriteProcessMemory request was completed. (0x12B)
[0426/115008.085:ERROR:process_memory_win.cc(73)] ReadMemory at 0xf474c0c820 of 62 bytes failed: Only part of a ReadProcessMemory or WriteProcessMemory request was completed. (0x12B)
[0426/115008.085:ERROR:process_memory_win.cc(73)] ReadMemory at 0xf474c0c910 of 60 bytes failed: Only part of a ReadProcessMemory or WriteProcessMemory request was completed. (0x12B)
[0426/115008.085:ERROR:process_memory_win.cc(73)] ReadMemory at 0xf474c0ca00 of 66 bytes failed: Only part of a ReadProcessMemory or WriteProcessMemory request was completed. (0x12B)
[0426/115008.085:ERROR:process_memory_win.cc(73)] ReadMemory at 0xf474c0ca50 of 58 bytes failed: Only part of a ReadProcessMemory or WriteProcessMemory request was completed. (0x12B)
[0426/115008.085:ERROR:process_memory_win.cc(73)] ReadMemory at 0xf474c0caf0 of 58 bytes failed: Only part of a ReadProcessMemory or WriteProcessMemory request was completed. (0x12B)
[0426/115008.085:ERROR:process_memory_win.cc(73)] ReadMemory at 0xf474c0cb40 of 58 bytes failed: Only part of a ReadProcessMemory or WriteProcessMemory request was completed. (0x12B)
[0426/115008.085:ERROR:process_memory_win.cc(73)] ReadMemory at 0xf474c0cb90 of 62 bytes failed: Only part of a ReadProcessMemory or WriteProcessMemory request was completed. (0x12B)
[0426/115008.085:ERROR:process_memory_win.cc(73)] ReadMemory at 0xf474c0cbe0 of 60 bytes failed: Only part of a ReadProcessMemory or WriteProcessMemory request was completed. (0x12B)
[0426/115008.085:ERROR:process_memory_win.cc(73)] ReadMemory at 0xf474c0cc30 of 60 bytes failed: Only part of a ReadProcessMemory or WriteProcessMemory request was completed. (0x12B)
[0426/115008.085:ERROR:process_memory_win.cc(73)] ReadMemory at 0xf474c0cd70 of 62 bytes failed: Only part of a ReadProcessMemory or WriteProcessMemory request was completed. (0x12B)
[0426/115008.085:ERROR:process_memory_win.cc(73)] ReadMemory at 0xf474c0cdc0 of 62 bytes failed: Only part of a ReadProcessMemory or WriteProcessMemory request was completed. (0x12B)
[0426/115008.085:ERROR:process_memory_win.cc(73)] ReadMemory at 0xf474c0ce10 of 66 bytes failed: Only part of a ReadProcessMemory or WriteProcessMemory request was completed. (0x12B)
[0426/115008.085:ERROR:process_memory_win.cc(73)] ReadMemory at 0xf474c0ceb0 of 64 bytes failed: Only part of a ReadProcessMemory or WriteProcessMemory request was completed. (0x12B)
[0426/115008.085:ERROR:process_memory_win.cc(73)] ReadMemory at 0xf474c0cf00 of 62 bytes failed: Only part of a ReadProcessMemory or WriteProcessMemory request was completed. (0x12B)
[0426/115008.085:ERROR:process_memory_win.cc(73)] ReadMemory at 0xf474c0d8a0 of 132 bytes failed: Only part of a ReadProcessMemory or WriteProcessMemory request was completed. (0x12B)
[0426/115008.085:ERROR:process_memory_win.cc(73)] ReadMemory at 0xf474c0d9c0 of 132 bytes failed: Only part of a ReadProcessMemory or WriteProcessMemory request was completed. (0x12B)
[0426/115008.085:ERROR:process_memory_win.cc(73)] ReadMemory at 0xf474c0dae0 of 132 bytes failed: Only part of a ReadProcessMemory or WriteProcessMemory request was completed. (0x12B)
[0426/115008.085:ERROR:process_memory_win.cc(73)] ReadMemory at 0xf474c0dd10 of 132 bytes failed: Only part of a ReadProcessMemory or WriteProcessMemory request was completed. (0x12B)
[0426/115008.085:ERROR:process_memory_win.cc(73)] ReadMemory at 0xf474c0de30 of 132 bytes failed: Only part of a ReadProcessMemory or WriteProcessMemory request was completed. (0x12B)
[0426/115008.085:ERROR:process_memory_win.cc(73)] ReadMemory at 0xf474c0df50 of 132 bytes failed: Only part of a ReadProcessMemory or WriteProcessMemory request was completed. (0x12B)
[0426/115008.085:ERROR:process_memory_win.cc(73)] ReadMemory at 0xf474c0e070 of 132 bytes failed: Only part of a ReadProcessMemory or WriteProcessMemory request was completed. (0x12B)
[0426/115008.085:ERROR:process_memory_win.cc(73)] ReadMemory at 0xf474c0e190 of 132 bytes failed: Only part of a ReadProcessMemory or WriteProcessMemory request was completed. (0x12B)
[0426/115008.085:ERROR:process_memory_win.cc(73)] ReadMemory at 0xf474c0e2b0 of 132 bytes failed: Only part of a ReadProcessMemory or WriteProcessMemory request was completed. (0x12B)
[0426/115008.089:ERROR:process_memory_win.cc(73)] ReadMemory at 0xf474c0e3d0 of 132 bytes failed: Only part of a ReadProcessMemory or WriteProcessMemory request was completed. (0x12B)
[0426/115008.089:ERROR:process_memory_win.cc(73)] ReadMemory at 0xf474c0e4f0 of 132 bytes failed: Only part of a ReadProcessMemory or WriteProcessMemory request was completed. (0x12B)
[0426/115008.089:ERROR:process_memory_win.cc(73)] ReadMemory at 0xf474c0e610 of 132 bytes failed: Only part of a ReadProcessMemory or WriteProcessMemory request was completed. (0x12B)
[0426/115008.089:ERROR:process_memory_win.cc(73)] ReadMemory at 0xf474c0e730 of 132 bytes failed: Only part of a ReadProcessMemory or WriteProcessMemory request was completed. (0x12B)
[0426/115008.089:ERROR:process_memory_win.cc(73)] ReadMemory at 0xf474c0e850 of 132 bytes failed: Only part of a ReadProcessMemory or WriteProcessMemory request was completed. (0x12B)
[0426/115008.089:ERROR:process_memory_win.cc(73)] ReadMemory at 0xf474c0e970 of 132 bytes failed: Only part of a ReadProcessMemory or WriteProcessMemory request was completed. (0x12B)
[0426/115008.089:ERROR:process_memory_win.cc(73)] ReadMemory at 0xf474c0ea90 of 132 bytes failed: Only part of a ReadProcessMemory or WriteProcessMemory request was completed. (0x12B)
[0426/115008.089:ERROR:process_memory_win.cc(73)] ReadMemory at 0xf474c0ff00 of 80 bytes failed: Only part of a ReadProcessMemory or WriteProcessMemory request was completed. (0x12B)
[0426/115008.089:ERROR:process_memory_win.cc(73)] ReadMemory at 0xf474c10860 of 158 bytes failed: Only part of a ReadProcessMemory or WriteProcessMemory request was completed. (0x12B)
[0426/115008.089:ERROR:process_memory_win.cc(73)] ReadMemory at 0xf474c12750 of 56 bytes failed: Only part of a ReadProcessMemory or WriteProcessMemory request was completed. (0x12B)
[0426/115008.089:ERROR:process_memory_win.cc(73)] ReadMemory at 0xf474c128e0 of 58 bytes failed: Only part of a ReadProcessMemory or WriteProcessMemory request was completed. (0x12B)
[0426/115008.089:ERROR:process_memory_win.cc(73)] ReadMemory at 0xf474c129d0 of 64 bytes failed: Only part of a ReadProcessMemory or WriteProcessMemory request was completed. (0x12B)
[0426/115008.089:ERROR:process_memory_win.cc(73)] ReadMemory at 0xf474c12b10 of 62 bytes failed: Only part of a ReadProcessMemory or WriteProcessMemory request was completed. (0x12B)
[0426/115008.089:ERROR:process_memory_win.cc(73)] ReadMemory at 0xf474c12c00 of 62 bytes failed: Only part of a ReadProcessMemory or WriteProcessMemory request was completed. (0x12B)
[0426/115008.089:ERROR:process_memory_win.cc(73)] ReadMemory at 0xf474c12cf0 of 60 bytes failed: Only part of a ReadProcessMemory or WriteProcessMemory request was completed. (0x12B)
[0426/115008.089:ERROR:process_memory_win.cc(73)] ReadMemory at 0xf474c12d40 of 60 bytes failed: Only part of a ReadProcessMemory or WriteProcessMemory request was completed. (0x12B)
[0426/115008.089:ERROR:process_memory_win.cc(73)] ReadMemory at 0xf474c12de0 of 64 bytes failed: Only part of a ReadProcessMemory or WriteProcessMemory request was completed. (0x12B)
[0426/115008.089:ERROR:process_memory_win.cc(73)] ReadMemory at 0xf474c12e80 of 60 bytes failed: Only part of a ReadProcessMemory or WriteProcessMemory request was completed. (0x12B)
[0426/115008.089:ERROR:process_memory_win.cc(73)] ReadMemory at 0xf474c12ed0 of 64 bytes failed: Only part of a ReadProcessMemory or WriteProcessMemory request was completed. (0x12B)
[0426/115008.089:ERROR:process_memory_win.cc(73)] ReadMemory at 0xf474c12f20 of 58 bytes failed: Only part of a ReadProcessMemory or WriteProcessMemory request was completed. (0x12B)
[0426/115008.089:ERROR:process_memory_win.cc(73)] ReadMemory at 0xf474c12f70 of 64 bytes failed: Only part of a ReadProcessMemory or WriteProcessMemory request was completed. (0x12B)
[0426/115008.089:ERROR:process_memory_win.cc(73)] ReadMemory at 0xf474c12fc0 of 60 bytes failed: Only part of a ReadProcessMemory or WriteProcessMemory request was completed. (0x12B)
[0426/115008.089:ERROR:process_memory_win.cc(73)] ReadMemory at 0xf474c13010 of 64 bytes failed: Only part of a ReadProcessMemory or WriteProcessMemory request was completed. (0x12B)
[0426/115008.089:ERROR:process_memory_win.cc(73)] ReadMemory at 0xf474c13100 of 64 bytes failed: Only part of a ReadProcessMemory or WriteProcessMemory request was completed. (0x12B)
[0426/115008.089:ERROR:process_memory_win.cc(73)] ReadMemory at 0xf474c13150 of 64 bytes failed: Only part of a ReadProcessMemory or WriteProcessMemory request was completed. (0x12B)
[0426/115008.089:ERROR:process_memory_win.cc(73)] ReadMemory at 0xf474c131a0 of 60 bytes failed: Only part of a ReadProcessMemory or WriteProcessMemory request was completed. (0x12B)
[0426/115008.089:ERROR:process_memory_win.cc(73)] ReadMemory at 0xf474c134c0 of 62 bytes failed: Only part of a ReadProcessMemory or WriteProcessMemory request was completed. (0x12B)
[0426/115008.089:ERROR:process_memory_win.cc(73)] ReadMemory at 0xf474c13560 of 60 bytes failed: Only part of a ReadProcessMemory or WriteProcessMemory request was completed. (0x12B)
[0426/115008.089:ERROR:process_memory_win.cc(73)] ReadMemory at 0xf474c135b0 of 62 bytes failed: Only part of a ReadProcessMemory or WriteProcessMemory request was completed. (0x12B)
[0426/115008.093:ERROR:process_memory_win.cc(73)] ReadMemory at 0xf474c13600 of 62 bytes failed: Only part of a ReadProcessMemory or WriteProcessMemory request was completed. (0x12B)
[0426/115008.093:ERROR:process_memory_win.cc(73)] ReadMemory at 0xf474c13650 of 60 bytes failed: Only part of a ReadProcessMemory or WriteProcessMemory request was completed. (0x12B)
[0426/115008.093:ERROR:process_memory_win.cc(73)] ReadMemory at 0xf474c15620 of 54 bytes failed: Only part of a ReadProcessMemory or WriteProcessMemory request was completed. (0x12B)
[0426/115008.093:ERROR:process_memory_win.cc(73)] ReadMemory at 0xf474c16470 of 248 bytes failed: Only part of a ReadProcessMemory or WriteProcessMemory request was completed. (0x12B)
[0426/115008.093:ERROR:process_memory_win.cc(73)] ReadMemory at 0xf474c18e70 of 132 bytes failed: Only part of a ReadProcessMemory or WriteProcessMemory request was completed. (0x12B)
[0426/115008.093:ERROR:process_memory_win.cc(73)] ReadMemory at 0xf474c18f90 of 132 bytes failed: Only part of a ReadProcessMemory or WriteProcessMemory request was completed. (0x12B)
[0426/115008.093:ERROR:process_memory_win.cc(73)] ReadMemory at 0xf474c190b0 of 132 bytes failed: Only part of a ReadProcessMemory or WriteProcessMemory request was completed. (0x12B)
[0426/115008.093:ERROR:process_memory_win.cc(73)] ReadMemory at 0xf474c191d0 of 132 bytes failed: Only part of a ReadProcessMemory or WriteProcessMemory request was completed. (0x12B)
[0426/115008.093:ERROR:process_memory_win.cc(73)] ReadMemory at 0xf474c192f0 of 132 bytes failed: Only part of a ReadProcessMemory or WriteProcessMemory request was completed. (0x12B)
[0426/115008.093:ERROR:process_memory_win.cc(73)] ReadMemory at 0xf474c19410 of 132 bytes failed: Only part of a ReadProcessMemory or WriteProcessMemory request was completed. (0x12B)
[0426/115008.093:ERROR:process_memory_win.cc(73)] ReadMemory at 0xf474c19530 of 132 bytes failed: Only part of a ReadProcessMemory or WriteProcessMemory request was completed. (0x12B)
[0426/115008.093:ERROR:process_memory_win.cc(73)] ReadMemory at 0xf474c19650 of 132 bytes failed: Only part of a ReadProcessMemory or WriteProcessMemory request was completed. (0x12B)
[0426/115008.093:ERROR:process_memory_win.cc(73)] ReadMemory at 0xf474c199b0 of 132 bytes failed: Only part of a ReadProcessMemory or WriteProcessMemory request was completed. (0x12B)
[0426/115008.093:ERROR:process_memory_win.cc(73)] ReadMemory at 0xf474c19bf0 of 132 bytes failed: Only part of a ReadProcessMemory or WriteProcessMemory request was completed. (0x12B)
[0426/115008.093:ERROR:process_memory_win.cc(73)] ReadMemory at 0xf474c19d10 of 132 bytes failed: Only part of a ReadProcessMemory or WriteProcessMemory request was completed. (0x12B)
[0426/115008.093:ERROR:process_memory_win.cc(73)] ReadMemory at 0xf474c19e30 of 132 bytes failed: Only part of a ReadProcessMemory or WriteProcessMemory request was completed. (0x12B)
[0426/115008.093:ERROR:process_memory_win.cc(73)] ReadMemory at 0xf474c19f50 of 132 bytes failed: Only part of a ReadProcessMemory or WriteProcessMemory request was completed. (0x12B)
[0426/115008.105:ERROR:process_memory_win.cc(73)] ReadMemory at 0xf474c1a070 of 132 bytes failed: Only part of a ReadProcessMemory or WriteProcessMemory request was completed. (0x12B)
[0426/115008.105:ERROR:process_memory_win.cc(73)] ReadMemory at 0xf474c1a190 of 132 bytes failed: Only part of a ReadProcessMemory or WriteProcessMemory request was completed. (0x12B)
[0426/115008.105:ERROR:process_memory_win.cc(73)] ReadMemory at 0xf474c1a2b0 of 132 bytes failed: Only part of a ReadProcessMemory or WriteProcessMemory request was completed. (0x12B)
[0426/115008.105:ERROR:process_memory_win.cc(73)] ReadMemory at 0xf474c1a4f0 of 132 bytes failed: Only part of a ReadProcessMemory or WriteProcessMemory request was completed. (0x12B)
[0426/115008.105:ERROR:process_memory_win.cc(73)] ReadMemory at 0xf474c1a610 of 132 bytes failed: Only part of a ReadProcessMemory or WriteProcessMemory request was completed. (0x12B)
[0426/115008.105:ERROR:process_memory_win.cc(73)] ReadMemory at 0xf474c1a730 of 132 bytes failed: Only part of a ReadProcessMemory or WriteProcessMemory request was completed. (0x12B)
[0426/115008.105:ERROR:process_memory_win.cc(73)] ReadMemory at 0xf474c1a850 of 132 bytes failed: Only part of a ReadProcessMemory or WriteProcessMemory request was completed. (0x12B)
[0426/115008.105:ERROR:process_memory_win.cc(73)] ReadMemory at 0xf474c1a970 of 132 bytes failed: Only part of a ReadProcessMemory or WriteProcessMemory request was completed. (0x12B)
[0426/115008.105:ERROR:process_memory_win.cc(73)] ReadMemory at 0xf474c1abb0 of 132 bytes failed: Only part of a ReadProcessMemory or WriteProcessMemory request was completed. (0x12B)
[0426/115008.109:ERROR:process_memory_win.cc(73)] ReadMemory at 0xf474c1acd0 of 132 bytes failed: Only part of a ReadProcessMemory or WriteProcessMemory request was completed. (0x12B)
[0426/115008.109:ERROR:process_memory_win.cc(73)] ReadMemory at 0xf474c26310 of 896 bytes failed: Only part of a ReadProcessMemory or WriteProcessMemory request was completed. (0x12B)
[0426/115008.109:ERROR:process_memory_win.cc(73)] ReadMemory at 0xf474c29460 of 512 bytes failed: Only part of a ReadProcessMemory or WriteProcessMemory request was completed. (0x12B)
[0426/115008.109:ERROR:process_memory_win.cc(73)] ReadMemory at 0xf47531d5d0 of 512 bytes failed: Only part of a ReadProcessMemory or WriteProcessMemory request was completed. (0x12B)
[0426/115008.109:ERROR:process_memory_win.cc(73)] ReadMemory at 0xf475326480 of 512 bytes failed: Only part of a ReadProcessMemory or WriteProcessMemory request was completed. (0x12B)
[0426/115008.109:ERROR:process_memory_win.cc(73)] ReadMemory at 0xf475331dc0 of 512 bytes failed: Only part of a ReadProcessMemory or WriteProcessMemory request was completed. (0x12B)
[0426/115008.109:ERROR:process_memory_win.cc(73)] ReadMemory at 0xf475337b58 of 512 bytes failed: Only part of a ReadProcessMemory or WriteProcessMemory request was completed. (0x12B)
[0426/115008.109:ERROR:process_memory_win.cc(73)] ReadMemory at 0xf47534eee0 of 696 bytes failed: Only part of a ReadProcessMemory or WriteProcessMemory request was completed. (0x12B)
[0426/115008.109:ERROR:process_memory_win.cc(73)] ReadMemory at 0xf475361fe0 of 512 bytes failed: Only part of a ReadProcessMemory or WriteProcessMemory request was completed. (0x12B)
[0426/115008.109:ERROR:process_memory_win.cc(73)] ReadMemory at 0xf4753719f0 of 512 bytes failed: Only part of a ReadProcessMemory or WriteProcessMemory request was completed. (0x12B)
[0426/115008.109:ERROR:process_memory_win.cc(73)] ReadMemory at 0xf478002980 of 512 bytes failed: Only part of a ReadProcessMemory or WriteProcessMemory request was completed. (0x12B)
[0426/115008.109:ERROR:process_memory_win.cc(73)] ReadMemory at 0xf478066090 of 512 bytes failed: Only part of a ReadProcessMemory or WriteProcessMemory request was completed. (0x12B)
[0426/115008.109:ERROR:process_memory_win.cc(73)] ReadMemory at 0xf479115650 of 512 bytes failed: Only part of a ReadProcessMemory or WriteProcessMemory request was completed. (0x12B)
[0426/115008.109:ERROR:process_memory_win.cc(73)] ReadMemory at 0xf479121030 of 512 bytes failed: Only part of a ReadProcessMemory or WriteProcessMemory request was completed. (0x12B)
[0426/115008.109:ERROR:process_memory_win.cc(73)] ReadMemory at 0xf479333aa0 of 512 bytes failed: Only part of a ReadProcessMemory or WriteProcessMemory request was completed. (0x12B)
[0426/115008.109:ERROR:process_memory_win.cc(73)] ReadMemory at 0xf479e280d0 of 512 bytes failed: Only part of a ReadProcessMemory or WriteProcessMemory request was completed. (0x12B)
[0426/115008.109:ERROR:process_memory_win.cc(73)] ReadMemory at 0xf47d686f30 of 512 bytes failed: Only part of a ReadProcessMemory or WriteProcessMemory request was completed. (0x12B)
[0426/115008.109:ERROR:process_memory_win.cc(73)] ReadMemory at 0xf47d960950 of 512 bytes failed: Only part of a ReadProcessMemory or WriteProcessMemory request was completed. (0x12B)
[0426/115008.109:ERROR:process_memory_win.cc(73)] ReadMemory at 0xf47dcd6870 of 512 bytes failed: Only part of a ReadProcessMemory or WriteProcessMemory request was completed. (0x12B)
[0426/115008.109:ERROR:process_memory_win.cc(73)] ReadMemory at 0xf47dd14c48 of 512 bytes failed: Only part of a ReadProcessMemory or WriteProcessMemory request was completed. (0x12B)
[0426/115008.109:ERROR:process_memory_win.cc(73)] ReadMemory at 0xf47e1d55c0 of 512 bytes failed: Only part of a ReadProcessMemory or WriteProcessMemory request was completed. (0x12B)
[0426/115008.109:ERROR:process_memory_win.cc(73)] ReadMemory at 0x7ff7d013a000 of 6024 bytes failed: Only part of a ReadProcessMemory or WriteProcessMemory request was completed. (0x12B)
[0426/115008.109:ERROR:process_memory_win.cc(73)] ReadMemory at 0x7ff7d013c000 of 6024 bytes failed: Only part of a ReadProcessMemory or WriteProcessMemory request was completed. (0x12B)
[0426/115008.109:ERROR:process_memory_win.cc(73)] ReadMemory at 0x7ff7d013e000 of 6024 bytes failed: Only part of a ReadProcessMemory or WriteProcessMemory request was completed. (0x12B)
[0426/115008.109:ERROR:process_memory_win.cc(73)] ReadMemory at 0x7ff7d0140000 of 6024 bytes failed: Only part of a ReadProcessMemory or WriteProcessMemory request was completed. (0x12B)
[0426/115008.113:ERROR:process_memory_win.cc(73)] ReadMemory at 0x7ff7d0144000 of 6024 bytes failed: Only part of a ReadProcessMemory or WriteProcessMemory request was completed. (0x12B)
[0426/115008.113:ERROR:process_memory_win.cc(73)] ReadMemory at 0x7ff7d014e000 of 6024 bytes failed: Only part of a ReadProcessMemory or WriteProcessMemory request was completed. (0x12B)
[0426/115008.113:ERROR:process_memory_win.cc(73)] ReadMemory at 0x7ff7d0150000 of 6024 bytes failed: Only part of a ReadProcessMemory or WriteProcessMemory request was completed. (0x12B)
[0426/115008.113:ERROR:process_memory_win.cc(73)] ReadMemory at 0x7ff7d0152000 of 6024 bytes failed: Only part of a ReadProcessMemory or WriteProcessMemory request was completed. (0x12B)
[0426/115008.113:ERROR:process_memory_win.cc(73)] ReadMemory at 0x7ff7d0154000 of 6024 bytes failed: Only part of a ReadProcessMemory or WriteProcessMemory request was completed. (0x12B)
[0426/115008.113:ERROR:process_memory_win.cc(73)] ReadMemory at 0x7ff7d0156000 of 6024 bytes failed: Only part of a ReadProcessMemory or WriteProcessMemory request was completed. (0x12B)
[0426/115008.113:ERROR:process_memory_win.cc(73)] ReadMemory at 0x7ff7d0158000 of 6024 bytes failed: Only part of a ReadProcessMemory or WriteProcessMemory request was completed. (0x12B)
[0426/115008.113:ERROR:process_memory_win.cc(73)] ReadMemory at 0x7ff7d015a000 of 6024 bytes failed: Only part of a ReadProcessMemory or WriteProcessMemory request was completed. (0x12B)
[0426/115008.113:ERROR:process_memory_win.cc(73)] ReadMemory at 0x7ff7d015c000 of 6024 bytes failed: Only part of a ReadProcessMemory or WriteProcessMemory request was completed. (0x12B)
[0426/115008.113:ERROR:process_memory_win.cc(73)] ReadMemory at 0x7ff7d015e000 of 6024 bytes failed: Only part of a ReadProcessMemory or WriteProcessMemory request was completed. (0x12B)
[0426/115008.113:ERROR:process_memory_win.cc(73)] ReadMemory at 0x7ff7d0283000 of 6024 bytes failed: Only part of a ReadProcessMemory or WriteProcessMemory request was completed. (0x12B)
[0426/115008.113:ERROR:process_memory_win.cc(73)] ReadMemory at 0x7ff7d0285000 of 6024 bytes failed: Only part of a ReadProcessMemory or WriteProcessMemory request was completed. (0x12B)
[0426/115008.113:ERROR:process_memory_win.cc(73)] ReadMemory at 0x7ff7d0289000 of 6024 bytes failed: Only part of a ReadProcessMemory or WriteProcessMemory request was completed. (0x12B)
[0426/115008.113:ERROR:process_memory_win.cc(73)] ReadMemory at 0x7ff7d028b000 of 852 bytes failed: Only part of a ReadProcessMemory or WriteProcessMemory request was completed. (0x12B)
[0426/115008.113:ERROR:process_memory_win.cc(73)] ReadMemory at 0x7ff7d028c000 of 6024 bytes failed: Only part of a ReadProcessMemory or WriteProcessMemory request was completed. (0x12B)
[0426/115008.113:ERROR:process_memory_win.cc(73)] ReadMemory at 0x7ff7d028e000 of 6024 bytes failed: Only part of a ReadProcessMemory or WriteProcessMemory request was completed. (0x12B)
[0426/115008.113:ERROR:process_memory_win.cc(73)] ReadMemory at 0x7ff861d279cf of 512 bytes failed: Only part of a ReadProcessMemory or WriteProcessMemory request was completed. (0x12B)
[0426/115008.113:ERROR:process_memory_win.cc(73)] ReadMemory at 0x7ff8654cc510 of 512 bytes failed: Only part of a ReadProcessMemory or WriteProcessMemory request was completed. (0x12B)
[0426/115008.113:ERROR:process_memory_win.cc(73)] ReadMemory at 0x7ff865671070 of 512 bytes failed: Only part of a ReadProcessMemory or WriteProcessMemory request was completed. (0x12B)
[0426/115008.117:ERROR:process_memory_win.cc(73)] ReadMemory at 0x7ff8993fe6ee of 512 bytes failed: Only part of a ReadProcessMemory or WriteProcessMemory request was completed. (0x12B)
[0426/115008.117:ERROR:process_memory_win.cc(73)] ReadMemory at 0x7ff8993ff823 of 512 bytes failed: Only part of a ReadProcessMemory or WriteProcessMemory request was completed. (0x12B)
[0426/115008.117:ERROR:process_memory_win.cc(73)] ReadMemory at 0x7ff8ad670fb0 of 512 bytes failed: Only part of a ReadProcessMemory or WriteProcessMemory request was completed. (0x12B)
[0426/115008.117:ERROR:process_memory_win.cc(73)] ReadMemory at 0x7ff8afd595e0 of 18 bytes failed: Only part of a ReadProcessMemory or WriteProcessMemory request was completed. (0x12B)
[0426/115008.117:ERROR:process_memory_win.cc(73)] ReadMemory at 0x7ff8afd6c4f0 of 512 bytes failed: Only part of a ReadProcessMemory or WriteProcessMemory request was completed. (0x12B)
[0426/115008.117:ERROR:process_memory_win.cc(73)] ReadMemory at 0x7ff8afd8acd0 of 512 bytes failed: Only part of a ReadProcessMemory or WriteProcessMemory request was completed. (0x12B)
[0426/115008.117:ERROR:process_memory_win.cc(73)] ReadMemory at 0x7ff8afd8b5f0 of 512 bytes failed: Only part of a ReadProcessMemory or WriteProcessMemory request was completed. (0x12B)
[0426/115008.117:ERROR:process_memory_win.cc(73)] ReadMemory at 0x7ff8afde071a of 592 bytes failed: Only part of a ReadProcessMemory or WriteProcessMemory request was completed. (0x12B)
[0426/115008.117:ERROR:process_memory_win.cc(73)] ReadMemory at 0x7ff8afde219a of 560 bytes failed: Only part of a ReadProcessMemory or WriteProcessMemory request was completed. (0x12B)
[0426/115008.117:ERROR:process_memory_win.cc(73)] ReadMemory at 0x7ff8afe7e8a8 of 40 bytes failed: Only part of a ReadProcessMemory or WriteProcessMemory request was completed. (0x12B)
[0426/115008.117:ERROR:process_memory_win.cc(73)] ReadMemory at 0x7ff8afe7ebe0 of 48 bytes failed: Only part of a ReadProcessMemory or WriteProcessMemory request was completed. (0x12B)
[0426/115008.117:ERROR:process_memory_win.cc(73)] ReadMemory at 0x7ff8afe81320 of 64 bytes failed: Only part of a ReadProcessMemory or WriteProcessMemory request was completed. (0x12B)
[0426/115008.141:ERROR:scoped_process_suspend.cc(40)] NtResumeProcess: An attempt was made to access an exiting process. (0xc000010a)
[0428/001955.239:ERROR:file_io.cc(89)] ReadExactly: expected 36, observed 0
[0430/181253.109:ERROR:process_reader_win.cc(151)] SuspendThread: Access is denied. (0x5)
[0430/181254.453:ERROR:exception_snapshot_win.cc(98)] thread ID 11580 not found in process
[0430/181254.453:ERROR:scoped_process_suspend.cc(40)] NtResumeProcess: An attempt was made to access an exiting process. (0xc000010a)
